11:38:22: Creating resource group General
11:38:22: Creating resource group Internal
11:38:22: Creating resource group Autodetect
11:38:22: SceneManagerFactory for type 'DefaultSceneManager' registered.
11:38:22: Registering ResourceManager for type Material
11:38:22: Registering ResourceManager for type Mesh
11:38:22: Registering ResourceManager for type Skeleton
11:38:22: MovableObjectFactory for type 'ParticleSystem' registered.
11:38:22: ArchiveFactory for archive type FileSystem registered.
11:38:22: ArchiveFactory for archive type Zip registered.
11:38:22: ArchiveFactory for archive type EmbeddedZip registered.
11:38:22: DDS codec registering
11:38:22: FreeImage version: 3.17.0
11:38:22: This program uses FreeImage, a free, open source image library supporting all common bitmap formats. See http://freeimage.sourceforge.net for details
11:38:22: Supported formats: bmp,ico,jpg,jif,jpeg,jpe,jng,koa,iff,lbm,mng,pbm,pbm,pcd,pcx,pgm,pgm,png,ppm,ppm,ras,tga,targa,tif,tiff,wap,wbmp,wbm,psd,cut,xbm,xpm,gif,hdr,g3,sgi,rgb,rgba,bw,exr,j2k,j2c,jp2,pfm,pct,pict,pic,3fr,arw,bay,bmq,cap,cine,cr2,crw,cs1,dc2,dcr,drf,dsc,dng,erf,fff,ia,iiq,k25,kc2,kdc,mdc,mef,mos,mrw,nef,nrw,orf,pef,ptx,pxn,qtk,raf,raw,rdc,rw2,rwl,rwz,sr2,srf,srw,sti,x3f,webp,jxr,wdp,hdp
11:38:22: Registering ResourceManager for type HighLevelGpuProgram
11:38:22: Registering ResourceManager for type Compositor
11:38:22: MovableObjectFactory for type 'Entity' registered.
11:38:22: MovableObjectFactory for type 'Light' registered.
11:38:22: MovableObjectFactory for type 'BillboardSet' registered.
11:38:22: MovableObjectFactory for type 'ManualObject' registered.
11:38:22: MovableObjectFactory for type 'BillboardChain' registered.
11:38:22: MovableObjectFactory for type 'RibbonTrail' registered.
11:38:22: OGRE EXCEPTION(6:FileNotFoundException): 'plugins.cfg' file not found! in ConfigFile::load at /root/sinbad-ogre-7343503880d4/OgreMain/src/OgreConfigFile.cpp (line 82)
11:38:22: plugins.cfg not found, automatic plugin loading disabled.
11:38:22: *-*-* OGRE Initialising
11:38:22: *-*-* Version 1.9.0 (Ghadamon)
11:38:22: Installing plugin: GL RenderSystem
11:38:22: OpenGL Rendering Subsystem created.
11:38:22: Plugin successfully installed
11:38:22: Installing plugin: ParticleFX
11:38:22: Particle Emitter Type 'Point' registered
11:38:22: Particle Emitter Type 'Box' registered
11:38:22: Particle Emitter Type 'Ellipsoid' registered
11:38:22: Particle Emitter Type 'Cylinder' registered
11:38:22: Particle Emitter Type 'Ring' registered
11:38:22: Particle Emitter Type 'HollowEllipsoid' registered
11:38:22: Particle Affector Type 'LinearForce' registered
11:38:22: Particle Affector Type 'ColourFader' registered
11:38:22: Particle Affector Type 'ColourFader2' registered
11:38:22: Particle Affector Type 'ColourImage' registered
11:38:22: Particle Affector Type 'ColourInterpolator' registered
11:38:22: Particle Affector Type 'Scaler' registered
11:38:22: Particle Affector Type 'Rotator' registered
11:38:22: Particle Affector Type 'DirectionRandomiser' registered
11:38:22: Particle Affector Type 'DeflectorPlane' registered
11:38:22: Plugin successfully installed
11:38:22: Installing plugin: BSP Scene Manager
11:38:22: Plugin successfully installed
11:38:22: Installing plugin: Portal Connected Zone Scene Manager
11:38:22: PCZone Factory Type 'ZoneType_Default' registered
11:38:22: Plugin successfully installed
11:38:22: Installing plugin: Octree Zone Factory
11:38:22: Plugin successfully installed
11:38:22: Installing plugin: Octree Scene Manager
11:38:22: Plugin successfully installed
11:38:22: Creating resource group Essential
11:38:22: OGRE EXCEPTION(7:InternalErrorException): ../media/packs/SdkTrays.zip - error whilst opening archive: Unable to read zip file. in ZipArchive::checkZzipError at /root/sinbad-ogre-7343503880d4/OgreMain/src/OgreZip.cpp (line 310)
